#
# A fatal error has been detected by the Java Runtime Environment:
#
#  SIGBUS (0xa) at pc=0x00007fff7918fe48, pid=3850, tid=62723
#
# JRE version: 7.0_25-b15
# Java VM: Java HotSpot(TM) 64-Bit Server VM (23.25-b01 mixed mode bsd-amd64 compressed oops)
# Problematic frame:
# C  [CoreFoundation+0xe9a66e48]  __CFConstantStringClassReference+0x0
#
# Failed to write core dump. Core dumps have been disabled. To enable core dumping, try "ulimit -c unlimited" before starting Java again
#
# If you would like to submit a bug report, please visit:
#   http://bugreport.sun.com/bugreport/crash.jsp
# The crash happened outside the Java Virtual Machine in native code.
# See problematic frame for where to report the bug.
#

---------------  T H R E A D  ---------------

Current thread (0x00007fd44ea7d000):  JavaThread "Thread-13" [_thread_in_native, id=62723, stack(0x000000017bfbf000,0x000000017c0bf000)]

siginfo:si_signo=SIGBUS: si_errno=0, si_code=2 (BUS_ADRERR), si_addr=0x00007fff7918fe48

Registers:
RAX=0x00000000000022c0, RBX=0x000000017c0bdcb8, RCX=0x00007fff7918fe48, RDX=0x0000000000000c00
RSP=0x000000017c0bdc78, RBP=0x000000017c0bdd20, RSI=0x000000017c0bdcb8, RDI=0x00007fff79bfab80
R8 =0x0000000000000001, R9 =0x000000000000000a, R10=0x000000017c0bdc70, R11=0x00007fd44baf8460
R12=0x0000000000000116, R13=0x00007fd44ba7da60, R14=0x00007fff79be8868, R15=0x00007fff79bf88b8
RIP=0x00007fff7918fe48, EFLAGS=0x0000000000010206, ERR=0x0000000000000015
  TRAPNO=0x000000000000000e

Top of Stack: (sp=0x000000017c0bdc78)
0x000000017c0bdc78:   000000016a5db999 00007fd44fc23a20
0x000000017c0bdc88:   00007fd44ba7da60 00007fd44fc23a20
0x000000017c0bdc98:   00007fd44fc23a20 0000000000000010
0x000000017c0bdca8:   000000016a5dcc76 00007fd44e4ae400
0x000000017c0bdcb8:   000000016a5dcc90 000000016a5dacb0
0x000000017c0bdcc8:   00007fd44ba7da60 00007fd44fc23a20
0x000000017c0bdcd8:   000000016389e1d0 00007fd44e4ae400
0x000000017c0bdce8:   000000016a5daa00 0000000000000001
0x000000017c0bdcf8:   0000000000000008 0000000000000004
0x000000017c0bdd08:   000000017c0be4d8 000000017c0bdd20
0x000000017c0bdd18:   0000000163896d1c 0000000000000006
0x000000017c0bdd28:   000000017c0be560 000000017c0bde20
0x000000017c0bdd38:   0000000163896884 0000000118297830
0x000000017c0bdd48:   000000010cf15310 00007fd44baac0f0
0x000000017c0bdd58:   000000017c0bddd0 000000000000000c
0x000000017c0bdd68:   000000017c0bdde0 000000017c0bddd0
0x000000017c0bdd78:   000000017c0bdde4 000000017c0be3c0
0x000000017c0bdd88:   000000017c0be560 000000016a5da970
0x000000017c0bdd98:   00007fd44bedafe0 000000017c0bdc70
0x000000017c0bdda8:   00007fd44bedb070 0000000000000004
0x000000017c0bddb8:   0000000400000004 000000017c0bdc70
0x000000017c0bddc8:   000000017c0bde70 00007fd400000001
0x000000017c0bddd8:   00007fd44ea7d000 0000000100000000
0x000000017c0bdde8:   0bf5fd1695fb0e51 00007fd44bedafe0
0x000000017c0bddf8:   000000017c0be4d8 00007fd44bedb090
0x000000017c0bde08:   0000000000000018 00007fd44bedafe0
0x000000017c0bde18:   0000000000000003 000000017c0be3a0
0x000000017c0bde28:   0000000163890f5c 00007fd44fb439d0
0x000000017c0bde38:   00007fd44fc09490 00007fd44e4ae400
0x000000017c0bde48:   00007fd44fc09878 000000017c0be3a0
0x000000017c0bde58:   0000000163890d55 0000000000000000
0x000000017c0bde68:   0000000000000000 000000010cb0a03e 

Instructions: (pc=0x00007fff7918fe48)
0x00007fff7918fe28:   80 07 45 78 ff 7f 00 00 d0 6a 8b 63 01 00 00 00
0x00007fff7918fe38:   a0 29 b0 4b d4 7f 00 00 d0 5b c0 4a d4 7f 00 00
0x00007fff7918fe48:   f8 fd 18 79 ff 7f 00 00 20 fe 18 79 ff 7f 00 00
0x00007fff7918fe58:   b0 66 8b 63 01 00 00 00 30 2a b0 4b d4 7f 00 00 

Register to memory mapping:

RAX=0x00000000000022c0 is an unknown value
RBX=0x000000017c0bdcb8 is pointing into the stack for thread: 0x00007fd44ea7d000
RCX=0x00007fff7918fe48: __CFConstantStringClassReference+0 in /System/Library/Frameworks/CoreFoundation.framework/Versions/A/CoreFoundation at 0x00007fff8f729000
RDX=0x0000000000000c00 is an unknown value
RSP=0x000000017c0bdc78 is pointing into the stack for thread: 0x00007fd44ea7d000
RBP=0x000000017c0bdd20 is pointing into the stack for thread: 0x00007fd44ea7d000
RSI=0x000000017c0bdcb8 is pointing into the stack for thread: 0x00007fd44ea7d000
RDI=0x00007fff79bfab80 is an unknown value
R8 =0x0000000000000001 is an unknown value
R9 =0x000000000000000a is an unknown value
R10=0x000000017c0bdc70 is pointing into the stack for thread: 0x00007fd44ea7d000
R11=0x00007fd44baf8460 is an unknown value
R12=0x0000000000000116 is an unknown value
R13=0x00007fd44ba7da60 is an unknown value
R14=0x00007fff79be8868: OBJC_METACLASS_$_NSObject+0 in /usr/lib/libobjc.A.dylib at 0x00007fff9463e000
R15=0x00007fff79bf88b8 is an unknown value


Stack: [0x000000017bfbf000,0x000000017c0bf000],  sp=0x000000017c0bdc78,  free space=1019k
Native frames: (J=compiled Java code, j=interpreted, Vv=VM code, C=native code)
C  [CoreFoundation+0xe9a66e48]  __CFConstantStringClassReference+0x0

Java frames: (J=compiled Java code, j=interpreted, Vv=VM code)
j  overtone.sc.machinery.server.native.lib_f011b777_c128_4c2e_be39_87dbf3668d9b.World_SendPacket(Lcom/sun/jna/Pointer;ILjava/nio/ByteBuffer;Lovertone/sc/machinery/server/native/callback_79de09d0_faac_4da2_ad7f_4e4e39baca44;)B+0
j  overtone.sc.machinery.server.native$eval9428$fn__9429.invoke(Ljava/lang/Object;Ljava/lang/Object;Ljava/lang/Object;Ljava/lang/Object;)Ljava/lang/Object;+29
j  overtone.sc.machinery.server.native$scsynth_send.invoke(Ljava/lang/Object;Ljava/lang/Object;)Ljava/lang/Object;+106
j  overtone.sc.machinery.server.connection$connect_internal$send_fn__9488.invoke(Ljava/lang/Object;Ljava/lang/Object;)Ljava/lang/Object;+32
j  overtone.osc.peer$send_loop$fn__7654.invoke()Ljava/lang/Object;+182
j  overtone.osc.peer$send_loop.invoke(Ljava/lang/Object;Ljava/lang/Object;Ljava/lang/Object;Ljava/lang/Object;)Ljava/lang/Object;+236
j  clojure.lang.AFn.applyToHelper(Lclojure/lang/IFn;Lclojure/lang/ISeq;)Ljava/lang/Object;+261
j  clojure.lang.AFn.applyTo(Lclojure/lang/ISeq;)Ljava/lang/Object;+8
J  clojure.core$apply.invoke(Ljava/lang/Object;Ljava/lang/Object;)Ljava/lang/Object;
j  overtone.osc.peer$sender_thread$fn__7715.invoke()Ljava/lang/Object;+19
j  clojure.lang.AFn.run()V+1
j  java.lang.Thread.run()V+11
v  ~StubRoutines::call_stub

---------------  P R O C E S S  ---------------

Java Threads: ( => current thread )
  0x00007fd44e4ac000 JavaThread "clojure-agent-send-off-pool-9" [_thread_blocked, id=70659, stack(0x000000017c228000,0x000000017c328000)]
  0x00007fd44deca000 JavaThread "Thread-11" daemon [_thread_blocked, id=70147, stack(0x000000017cbee000,0x000000017ccee000)]
  0x00007fd44e2ce000 JavaThread "AWT-EventQueue-0" [_thread_blocked, id=69407, stack(0x000000017c88a000,0x000000017c98a000)]
  0x00007fd44dec1800 JavaThread "AWT-Shutdown" [_thread_blocked, id=69647, stack(0x000000016b283000,0x000000016b383000)]
  0x00007fd44dcf3800 JavaThread "nREPL-worker-1" daemon [_thread_in_Java, id=23307, stack(0x0000000165130000,0x0000000165230000)]
  0x00007fd44e4ab000 JavaThread "clojure-agent-send-off-pool-8" [_thread_blocked, id=62979, stack(0x000000017c0c2000,0x000000017c1c2000)]
=>0x00007fd44ea7d000 JavaThread "Thread-13" [_thread_in_native, id=62723, stack(0x000000017bfbf000,0x000000017c0bf000)]
  0x00007fd44de03000 JavaThread "pool-2-thread-6" [_thread_blocked, id=44803, stack(0x000000016b4fe000,0x000000016b5fe000)]
  0x00007fd44dfa7800 JavaThread "pool-2-thread-5" [_thread_blocked, id=44547, stack(0x000000016b3fb000,0x000000016b4fb000)]
  0x00007fd44c39f000 JavaThread "pool-2-thread-4" [_thread_blocked, id=44291, stack(0x000000016b0dd000,0x000000016b1dd000)]
  0x00007fd44c56f800 JavaThread "pool-2-thread-3" [_thread_blocked, id=44035, stack(0x000000016afda000,0x000000016b0da000)]
  0x00007fd44e88b000 JavaThread "pool-2-thread-2" [_thread_blocked, id=32775, stack(0x000000016ad10000,0x000000016ae10000)]
  0x00007fd44e0f0800 JavaThread "pool-2-thread-1" [_thread_blocked, id=26119, stack(0x0000000168d18000,0x0000000168e18000)]
  0x00007fd44df69800 JavaThread "pool-3-thread-6" [_thread_blocked, id=43779, stack(0x000000016a7dd000,0x000000016a8dd000)]
  0x00007fd44e8bb800 JavaThread "pool-3-thread-5" [_thread_blocked, id=43523, stack(0x000000016b656000,0x000000016b756000)]
  0x00007fd44e07d000 JavaThread "pool-3-thread-4" [_thread_blocked, id=43267, stack(0x000000016aac1000,0x000000016abc1000)]
  0x00007fd44e20f800 JavaThread "pool-3-thread-3" [_thread_blocked, id=43011, stack(0x000000016a8e0000,0x000000016a9e0000)]
  0x00007fd44dcbf000 JavaThread "pool-3-thread-2" [_thread_blocked, id=42511, stack(0x000000016a6da000,0x000000016a7da000)]
  0x00007fd44e896800 JavaThread "pool-3-thread-1" [_thread_blocked, id=42251, stack(0x00000001652ff000,0x00000001653ff000)]
  0x00007fd44f005800 JavaThread "Java2D Disposer" daemon [_thread_blocked, id=41475, stack(0x000000016a336000,0x000000016a436000)]
  0x00007fd44e9a3800 JavaThread "Java2D Queue Flusher" daemon [_thread_blocked, id=37651, stack(0x0000000168e1b000,0x0000000168f1b000)]
  0x00007fd44f28a000 JavaThread "AppKit Thread" daemon [_thread_in_native, id=9495, stack(0x00007fff52cc5000,0x00007fff534c5000)]
  0x00007fd44d897000 JavaThread "clojure-agent-send-off-pool-7" [_thread_blocked, id=21507, stack(0x000000016502d000,0x000000016512d000)]
  0x00007fd44d896000 JavaThread "clojure-agent-send-off-pool-6" [_thread_blocked, id=21251, stack(0x0000000164f2a000,0x000000016502a000)]
  0x00007fd44d93c000 JavaThread "clojure-agent-send-off-pool-5" [_thread_blocked, id=19207, stack(0x0000000164e27000,0x0000000164f27000)]
  0x00007fd44d869000 JavaThread "clojure-agent-send-off-pool-4" [_thread_blocked, id=15879, stack(0x0000000164b82000,0x0000000164c82000)]
  0x00007fd44d80a000 JavaThread "clojure-agent-send-off-pool-2" [_thread_in_native, id=15367, stack(0x000000016458f000,0x000000016468f000)]
  0x00007fd44ca24800 JavaThread "clojure-agent-send-off-pool-1" [_thread_in_native, id=20995, stack(0x00000001647aa000,0x00000001648aa000)]
  0x00007fd44c129000 JavaThread "clojure-agent-send-off-pool-0" [_thread_blocked, id=20739, stack(0x00000001646a7000,0x00000001647a7000)]
  0x00007fd44c030000 JavaThread "Service Thread" daemon [_thread_blocked, id=20227, stack(0x0000000163c58000,0x0000000163d58000)]
  0x00007fd44c02f800 JavaThread "C2 CompilerThread1" daemon [_thread_blocked, id=19971, stack(0x0000000163b55000,0x0000000163c55000)]
  0x00007fd44c02d800 JavaThread "C2 CompilerThread0" daemon [_thread_blocked, id=19715, stack(0x0000000163a52000,0x0000000163b52000)]
  0x00007fd44c02c800 JavaThread "Signal Dispatcher" daemon [_thread_blocked, id=19459, stack(0x000000016394f000,0x0000000163a4f000)]
  0x00007fd44c801000 JavaThread "Finalizer" daemon [_thread_blocked, id=15107, stack(0x0000000163700000,0x0000000163800000)]
  0x00007fd44c017800 JavaThread "Reference Handler" daemon [_thread_blocked, id=14851, stack(0x00000001635fd000,0x00000001636fd000)]
  0x00007fd44b00c000 JavaThread "main" [_thread_blocked, id=4359, stack(0x000000010d312000,0x000000010d412000)]

Other Threads:
  0x00007fd44c015000 VMThread [stack: 0x00000001634fa000,0x00000001635fa000] [id=14595]
  0x00007fd44c01a000 WatcherThread [stack: 0x0000000163d5b000,0x0000000163e5b000] [id=20483]

VM state:not at safepoint (normal execution)

VM Mutex/Monitor currently owned by a thread: None

Heap
 PSYoungGen      total 384512K, used 107747K [0x00000001463c0000, 0x000000015e9a0000, 0x000000015e9c0000)
  eden space 382336K, 27% used [0x00000001463c0000,0x000000014cad8f98,0x000000015d920000)
  from space 2176K, 100% used [0x000000015d920000,0x000000015db40000,0x000000015db40000)
  to   space 8448K, 0% used [0x000000015e160000,0x000000015e160000,0x000000015e9a0000)
 ParOldGen       total 80832K, used 48475K [0x00000001157c0000, 0x000000011a6b0000, 0x00000001463c0000)
  object space 80832K, 59% used [0x00000001157c0000,0x0000000118716ca0,0x000000011a6b0000)
 PSPermGen       total 51584K, used 51476K [0x00000001105c0000, 0x0000000113820000, 0x00000001157c0000)
  object space 51584K, 99% used [0x00000001105c0000,0x00000001138050e8,0x0000000113820000)

Card table byte_map: [0x000000015e9c0000,0x000000015ec33000] byte_map_base: 0x000000015e13d200

Polling page: 0x000000010d451000

Code Cache  [0x000000010d4e7000, 0x000000010d967000, 0x00000001104e7000)
 total_blobs=1785 nmethods=1326 adapters=410 free_code_cache=44647Kb largest_free_block=45637760

Compilation events (10 events):
Event: 154.801 Thread 0x00007fd44c02f800 1514             java.util.concurrent.locks.AbstractQueuedSynchronizer$ConditionObject::await (98 bytes)
Event: 154.836 Thread 0x00007fd44c02f800 nmethod 1514 0x000000010d959690 code [0x000000010d9598e0, 0x000000010d95a598]
Event: 154.842 Thread 0x00007fd44c02d800 1515             java.util.concurrent.locks.ReentrantLock$NonfairSync::lock (25 bytes)
Event: 154.845 Thread 0x00007fd44c02d800 nmethod 1515 0x000000010d94ff10 code [0x000000010d950080, 0x000000010d950208]
Event: 160.249 Thread 0x00007fd44c02f800 1516             ibdknox.tools.reader$macro_terminating_QMARK_::invoke (608 bytes)
Event: 160.254 Thread 0x00007fd44c02d800 1517             ibdknox.tools.reader.impl.commons$read_past::invoke (127 bytes)
Event: 160.255 Thread 0x00007fd44c02f800 nmethod 1516 0x000000010d95c790 code [0x000000010d95cd60, 0x000000010d95d238]
Event: 160.263 Thread 0x00007fd44c02d800 nmethod 1517 0x000000010d95bb90 code [0x000000010d95bd60, 0x000000010d95c218]
Event: 160.277 Thread 0x00007fd44c02f800 1518             clojure.walk$stringify_keys$fn__6998::invoke (71 bytes)
Event: 160.285 Thread 0x00007fd44c02f800 nmethod 1518 0x000000010d94db50 code [0x000000010d94dd40, 0x000000010d94e398]

GC Heap History (10 events):
Event: 26.541 GC heap before
{Heap before GC invocations=22 (full 1):
 PSYoungGen      total 391552K, used 388600K [0x00000001463c0000, 0x000000015e9c0000, 0x000000015e9c0000)
  eden space 383936K, 100% used [0x00000001463c0000,0x000000015dab0000,0x000000015dab0000)
  from space 7616K, 61% used [0x000000015e1f0000,0x000000015e67e308,0x000000015e960000)
  to   space 7424K, 0% used [0x000000015dab0000,0x000000015dab0000,0x000000015e1f0000)
 ParOldGen       total 80832K, used 43147K [0x00000001157c0000, 0x000000011a6b0000, 0x00000001463c0000)
  object space 80832K, 53% used [0x00000001157c0000,0x00000001181e2ca8,0x000000011a6b0000)
 PSPermGen       total 48704K, used 48624K [0x00000001105c0000, 0x0000000113550000, 0x00000001157c0000)
  object space 48704K, 99% used [0x00000001105c0000,0x000000011353c018,0x0000000113550000)
Event: 26.553 GC heap after
Heap after GC invocations=22 (full 1):
 PSYoungGen      total 391360K, used 5472K [0x00000001463c0000, 0x000000015e9c0000, 0x000000015e9c0000)
  eden space 383936K, 0% used [0x00000001463c0000,0x00000001463c0000,0x000000015dab0000)
  from space 7424K, 73% used [0x000000015dab0000,0x000000015e008020,0x000000015e1f0000)
  to   space 7552K, 0% used [0x000000015e260000,0x000000015e260000,0x000000015e9c0000)
 ParOldGen       total 80832K, used 43147K [0x00000001157c0000, 0x000000011a6b0000, 0x00000001463c0000)
  object space 80832K, 53% used [0x00000001157c0000,0x00000001181e2ca8,0x000000011a6b0000)
 PSPermGen       total 48704K, used 48624K [0x00000001105c0000, 0x0000000113550000, 0x00000001157c0000)
  object space 48704K, 99% used [0x00000001105c0000,0x000000011353c018,0x0000000113550000)
}
Event: 99.497 GC heap before
{Heap before GC invocations=23 (full 1):
 PSYoungGen      total 391360K, used 389408K [0x00000001463c0000, 0x000000015e9c0000, 0x000000015e9c0000)
  eden space 383936K, 100% used [0x00000001463c0000,0x000000015dab0000,0x000000015dab0000)
  from space 7424K, 73% used [0x000000015dab0000,0x000000015e008020,0x000000015e1f0000)
  to   space 7552K, 0% used [0x000000015e260000,0x000000015e260000,0x000000015e9c0000)
 ParOldGen       total 80832K, used 43147K [0x00000001157c0000, 0x000000011a6b0000, 0x00000001463c0000)
  object space 80832K, 53% used [0x00000001157c0000,0x00000001181e2ca8,0x000000011a6b0000)
 PSPermGen       total 51200K, used 51181K [0x00000001105c0000, 0x00000001137c0000, 0x00000001157c0000)
  object space 51200K, 99% used [0x00000001105c0000,0x00000001137bb5b8,0x00000001137c0000)
Event: 99.512 GC heap after
Heap after GC invocations=23 (full 1):
 PSYoungGen      total 390144K, used 7525K [0x00000001463c0000, 0x000000015e9c0000, 0x000000015e9c0000)
  eden space 382592K, 0% used [0x00000001463c0000,0x00000001463c0000,0x000000015d960000)
  from space 7552K, 99% used [0x000000015e260000,0x000000015e9b9570,0x000000015e9c0000)
  to   space 8384K, 0% used [0x000000015d960000,0x000000015d960000,0x000000015e190000)
 ParOldGen       total 80832K, used 43202K [0x00000001157c0000, 0x000000011a6b0000, 0x00000001463c0000)
  object space 80832K, 53% used [0x00000001157c0000,0x00000001181f0820,0x000000011a6b0000)
 PSPermGen       total 51200K, used 51181K [0x00000001105c0000, 0x00000001137c0000, 0x00000001157c0000)
  object space 51200K, 99% used [0x00000001105c0000,0x00000001137bb5b8,0x00000001137c0000)
}
Event: 142.465 GC heap before
{Heap before GC invocations=24 (full 1):
 PSYoungGen      total 390144K, used 390117K [0x00000001463c0000, 0x000000015e9c0000, 0x000000015e9c0000)
  eden space 382592K, 100% used [0x00000001463c0000,0x000000015d960000,0x000000015d960000)
  from space 7552K, 99% used [0x000000015e260000,0x000000015e9b9570,0x000000015e9c0000)
  to   space 8384K, 0% used [0x000000015d960000,0x000000015d960000,0x000000015e190000)
 ParOldGen       total 80832K, used 43202K [0x00000001157c0000, 0x000000011a6b0000, 0x00000001463c0000)
  object space 80832K, 53% used [0x00000001157c0000,0x00000001181f0820,0x000000011a6b0000)
 PSPermGen       total 51392K, used 51329K [0x00000001105c0000, 0x00000001137f0000, 0x00000001157c0000)
  object space 51392K, 99% used [0x00000001105c0000,0x00000001137e07d8,0x00000001137f0000)
Event: 142.486 GC heap after
Heap after GC invocations=24 (full 1):
 PSYoungGen      total 384768K, used 2176K [0x00000001463c0000, 0x000000015e9c0000, 0x000000015e9c0000)
  eden space 382592K, 0% used [0x00000001463c0000,0x00000001463c0000,0x000000015d960000)
  from space 2176K, 100% used [0x000000015d960000,0x000000015db80000,0x000000015db80000)
  to   space 8512K, 0% used [0x000000015e170000,0x000000015e170000,0x000000015e9c0000)
 ParOldGen       total 80832K, used 48475K [0x00000001157c0000, 0x000000011a6b0000, 0x00000001463c0000)
  object space 80832K, 59% used [0x00000001157c0000,0x0000000118716ca0,0x000000011a6b0000)
 PSPermGen       total 51392K, used 51329K [0x00000001105c0000, 0x00000001137f0000, 0x00000001157c0000)
  object space 51392K, 99% used [0x00000001105c0000,0x00000001137e07d8,0x00000001137f0000)
}
Event: 148.003 GC heap before
{Heap before GC invocations=25 (full 1):
 PSYoungGen      total 384768K, used 384768K [0x00000001463c0000, 0x000000015e9c0000, 0x000000015e9c0000)
  eden space 382592K, 100% used [0x00000001463c0000,0x000000015d960000,0x000000015d960000)
  from space 2176K, 100% used [0x000000015d960000,0x000000015db80000,0x000000015db80000)
  to   space 8512K, 0% used [0x000000015e170000,0x000000015e170000,0x000000015e9c0000)
 ParOldGen       total 80832K, used 48475K [0x00000001157c0000, 0x000000011a6b0000, 0x00000001463c0000)
  object space 80832K, 59% used [0x00000001157c0000,0x0000000118716ca0,0x000000011a6b0000)
 PSPermGen       total 51392K, used 51370K [0x00000001105c0000, 0x00000001137f0000, 0x00000001157c0000)
  object space 51392K, 99% used [0x00000001105c0000,0x00000001137eaab0,0x00000001137f0000)
Event: 148.012 GC heap after
Heap after GC invocations=25 (full 1):
 PSYoungGen      total 390848K, used 2144K [0x00000001463c0000, 0x000000015e9c0000, 0x000000015e9c0000)
  eden space 382336K, 0% used [0x00000001463c0000,0x00000001463c0000,0x000000015d920000)
  from space 8512K, 25% used [0x000000015e170000,0x000000015e388000,0x000000015e9c0000)
  to   space 8512K, 0% used [0x000000015d920000,0x000000015d920000,0x000000015e170000)
 ParOldGen       total 80832K, used 48475K [0x00000001157c0000, 0x000000011a6b0000, 0x00000001463c0000)
  object space 80832K, 59% used [0x00000001157c0000,0x0000000118716ca0,0x000000011a6b0000)
 PSPermGen       total 51392K, used 51370K [0x00000001105c0000, 0x00000001137f0000, 0x00000001157c0000)
  object space 51392K, 99% used [0x00000001105c0000,0x00000001137eaab0,0x00000001137f0000)
}
Event: 154.631 GC heap before
{Heap before GC invocations=26 (full 1):
 PSYoungGen      total 390848K, used 384480K [0x00000001463c0000, 0x000000015e9c0000, 0x000000015e9c0000)
  eden space 382336K, 100% used [0x00000001463c0000,0x000000015d920000,0x000000015d920000)
  from space 8512K, 25% used [0x000000015e170000,0x000000015e388000,0x000000015e9c0000)
  to   space 8512K, 0% used [0x000000015d920000,0x000000015d920000,0x000000015e170000)
 ParOldGen       total 80832K, used 48475K [0x00000001157c0000, 0x000000011a6b0000, 0x00000001463c0000)
  object space 80832K, 59% used [0x00000001157c0000,0x0000000118716ca0,0x000000011a6b0000)
 PSPermGen       total 51392K, used 51380K [0x00000001105c0000, 0x00000001137f0000, 0x00000001157c0000)
  object space 51392K, 99% used [0x00000001105c0000,0x00000001137ed128,0x00000001137f0000)
Event: 154.639 GC heap after
Heap after GC invocations=26 (full 1):
 PSYoungGen      total 384512K, used 2176K [0x00000001463c0000, 0x000000015e9a0000, 0x000000015e9c0000)
  eden space 382336K, 0% used [0x00000001463c0000,0x00000001463c0000,0x000000015d920000)
  from space 2176K, 100% used [0x000000015d920000,0x000000015db40000,0x000000015db40000)
  to   space 8448K, 0% used [0x000000015e160000,0x000000015e160000,0x000000015e9a0000)
 ParOldGen       total 80832K, used 48475K [0x00000001157c0000, 0x000000011a6b0000, 0x00000001463c0000)
  object space 80832K, 59% used [0x00000001157c0000,0x0000000118716ca0,0x000000011a6b0000)
 PSPermGen       total 51392K, used 51380K [0x00000001105c0000, 0x00000001137f0000, 0x00000001157c0000)
  object space 51392K, 99% used [0x00000001105c0000,0x00000001137ed128,0x00000001137f0000)
}

Deoptimization events (10 events):
Event: 89.482 Thread 0x00007fd44f1c7000 Uncommon trap -83 fr.pc 0x000000010d58dcf8
Event: 154.708 Thread 0x00007fd44d9ba000 Uncommon trap -83 fr.pc 0x000000010d5e8848
Event: 154.711 Thread 0x00007fd44deca000 Uncommon trap -83 fr.pc 0x000000010d85b550
Event: 160.247 Thread 0x00007fd44c129000 Uncommon trap -34 fr.pc 0x000000010d9134d4
Event: 160.247 Thread 0x00007fd44c129000 Uncommon trap -34 fr.pc 0x000000010d91351c
Event: 160.247 Thread 0x00007fd44c129000 Uncommon trap -34 fr.pc 0x000000010d913558
Event: 160.247 Thread 0x00007fd44c129000 Uncommon trap -34 fr.pc 0x000000010d913558
Event: 160.255 Thread 0x00007fd44dcf3800 Uncommon trap -83 fr.pc 0x000000010d955684
Event: 160.255 Thread 0x00007fd44dcf3800 Uncommon trap -83 fr.pc 0x000000010d946370
Event: 160.287 Thread 0x00007fd44dcf3800 Uncommon trap -12 fr.pc 0x000000010d8cd45c

Internal exceptions (10 events):
Event: 39.350 Thread 0x00007fd44f1c7000 Threw 0x00000001526b7308 at /HUDSON/workspace/jdk7u25-2-build-macosx-amd64-product/jdk7u25/hotspot/src/share/vm/prims/jvm.cpp:1235
Event: 39.350 Thread 0x00007fd44f1c7000 Threw 0x00000001526c1408 at /HUDSON/workspace/jdk7u25-2-build-macosx-amd64-product/jdk7u25/hotspot/src/share/vm/prims/jvm.cpp:1235
Event: 39.352 Thread 0x00007fd44f1c7000 Threw 0x00000001526cadf0 at /HUDSON/workspace/jdk7u25-2-build-macosx-amd64-product/jdk7u25/hotspot/src/share/vm/prims/jvm.cpp:1235
Event: 48.150 Thread 0x00007fd44f1c7000 Threw 0x000000015594b3c0 at /HUDSON/workspace/jdk7u25-2-build-macosx-amd64-product/jdk7u25/hotspot/src/share/vm/prims/jvm.cpp:1235
Event: 48.150 Thread 0x00007fd44f1c7000 Threw 0x0000000155952318 at /HUDSON/workspace/jdk7u25-2-build-macosx-amd64-product/jdk7u25/hotspot/src/share/vm/prims/jvm.cpp:1235
Event: 135.946 Thread 0x00007fd44dcf3800 Threw 0x000000014c7e1698 at /HUDSON/workspace/jdk7u25-2-build-macosx-amd64-product/jdk7u25/hotspot/src/share/vm/prims/jvm.cpp:1235
Event: 135.946 Thread 0x00007fd44dcf3800 Threw 0x000000014c7e85f0 at /HUDSON/workspace/jdk7u25-2-build-macosx-amd64-product/jdk7u25/hotspot/src/share/vm/prims/jvm.cpp:1235
Event: 154.708 Thread 0x00007fd44d9ba000 Implicit null exception at 0x000000010d5e8313 to 0x000000010d5e8831
Event: 154.711 Thread 0x00007fd44deca000 Implicit null exception at 0x000000010d859a63 to 0x000000010d85b52d
Event: 160.287 Thread 0x00007fd44dcf3800 Implicit null exception at 0x000000010d8cd3a2 to 0x000000010d8cd44d

Events (10 events):
Event: 160.247 Thread 0x00007fd44c129000 DEOPT PACKING pc=0x000000010d913558 sp=0x00000001647a5b30
Event: 160.247 Thread 0x00007fd44c129000 DEOPT UNPACKING pc=0x000000010d520145 sp=0x00000001647a5b08 mode 2
Event: 160.247 Thread 0x00007fd44c129000 DEOPT PACKING pc=0x000000010d913558 sp=0x00000001647a5b30
Event: 160.247 Thread 0x00007fd44c129000 DEOPT UNPACKING pc=0x000000010d520145 sp=0x00000001647a5b08 mode 2
Event: 160.255 Thread 0x00007fd44dcf3800 DEOPT PACKING pc=0x000000010d955684 sp=0x000000016522f1a0
Event: 160.255 Thread 0x00007fd44dcf3800 DEOPT UNPACKING pc=0x000000010d520145 sp=0x000000016522f188 mode 2
Event: 160.255 Thread 0x00007fd44dcf3800 DEOPT PACKING pc=0x000000010d946370 sp=0x000000016522f0e0
Event: 160.255 Thread 0x00007fd44dcf3800 DEOPT UNPACKING pc=0x000000010d520145 sp=0x000000016522f070 mode 2
Event: 160.287 Thread 0x00007fd44dcf3800 DEOPT PACKING pc=0x000000010d8cd45c sp=0x000000016522e360
Event: 160.287 Thread 0x00007fd44dcf3800 DEOPT UNPACKING pc=0x000000010d520145 sp=0x000000016522e320 mode 2


Dynamic libraries:
0x00000000080ca000 	/System/Library/Frameworks/Cocoa.framework/Versions/A/Cocoa
0x00000000080ca000 	/System/Library/Frameworks/Security.framework/Versions/A/Security
0x00000000080ca000 	/System/Library/Frameworks/ApplicationServices.framework/Versions/A/ApplicationServices
0x00000000080ca000 	/usr/lib/libz.1.dylib
0x00000000080ca000 	/usr/lib/libSystem.B.dylib
0x00000000080ca000 	/usr/lib/libobjc.A.dylib
0x00000000080ca000 	/System/Library/Frameworks/CoreFoundation.framework/Versions/A/CoreFoundation
0x00000000080ca000 	/System/Library/Frameworks/AppKit.framework/Versions/C/AppKit
0x00000000080ca000 	/System/Library/Frameworks/CoreData.framework/Versions/A/CoreData
0x00000000080ca000 	/System/Library/Frameworks/Foundation.framework/Versions/C/Foundation
0x00000000080ca000 	/System/Library/PrivateFrameworks/RemoteViewServices.framework/Versions/A/RemoteViewServices
0x00000000080ca000 	/System/Library/Frameworks/AudioToolbox.framework/Versions/A/AudioToolbox
0x00000000080ca000 	/System/Library/Frameworks/AudioUnit.framework/Versions/A/AudioUnit
0x00000000080ca000 	/System/Library/PrivateFrameworks/DataDetectorsCore.framework/Versions/A/DataDetectorsCore
0x00000000080ca000 	/System/Library/PrivateFrameworks/DesktopServicesPriv.framework/Versions/A/DesktopServicesPriv
0x00000000080ca000 	/System/Library/Frameworks/Carbon.framework/Versions/A/Frameworks/HIToolbox.framework/Versions/A/HIToolbox
0x00000000080ca000 	/System/Library/Frameworks/QuartzCore.framework/Versions/A/QuartzCore
0x00000000080ca000 	/System/Library/Frameworks/Carbon.framework/Versions/A/Frameworks/SpeechRecognition.framework/Versions/A/SpeechRecognition
0x00000000080ca000 	/usr/lib/libauto.dylib
0x00000000080ca000 	/usr/lib/libicucore.A.dylib
0x00000000080ca000 	/usr/lib/libxml2.2.dylib
0x00000000080ca000 	/System/Library/PrivateFrameworks/CoreUI.framework/Versions/A/CoreUI
0x00000000080ca000 	/System/Library/Frameworks/CoreAudio.framework/Versions/A/CoreAudio
0x00000000080ca000 	/System/Library/Frameworks/DiskArbitration.framework/Versions/A/DiskArbitration
0x00000000080ca000 	/usr/lib/liblangid.dylib
0x00000000080ca000 	/System/Library/PrivateFrameworks/MultitouchSupport.framework/Versions/A/MultitouchSupport
0x00000000080ca000 	/System/Library/Frameworks/IOKit.framework/Versions/A/IOKit
0x00000000080ca000 	/usr/lib/libDiagnosticMessagesClient.dylib
0x00000000080ca000 	/System/Library/Frameworks/CoreServices.framework/Versions/A/CoreServices
0x00000000080ca000 	/System/Library/PrivateFrameworks/PerformanceAnalysis.framework/Versions/A/PerformanceAnalysis
0x00000000080ca000 	/System/Library/PrivateFrameworks/GenerationalStorage.framework/Versions/A/GenerationalStorage
0x00000000080ca000 	/System/Library/Frameworks/OpenGL.framework/Versions/A/OpenGL
0x00000000080ca000 	/System/Library/Frameworks/CoreText.framework/Versions/A/CoreText
0x00000000080ca000 	/System/Library/Frameworks/ImageIO.framework/Versions/A/ImageIO
0x00000000080ca000 	/System/Library/PrivateFrameworks/Backup.framework/Versions/A/Backup
0x00000000080ca000 	/System/Library/Frameworks/CFNetwork.framework/Versions/A/CFNetwork
0x00000000080ca000 	/System/Library/Frameworks/SystemConfiguration.framework/Versions/A/SystemConfiguration
0x00000000080ca000 	/usr/lib/libCRFSuite.dylib
0x00000000080ca000 	/System/Library/PrivateFrameworks/TCC.framework/Versions/A/TCC
0x00000000080ca000 	/usr/lib/libc++.1.dylib
0x00000000080ca000 	/usr/lib/libc++abi.dylib
0x00000000080ca000 	/usr/lib/system/libcache.dylib
0x00000000080ca000 	/usr/lib/system/libcommonCrypto.dylib
0x00000000080ca000 	/usr/lib/system/libcompiler_rt.dylib
0x00000000080ca000 	/usr/lib/system/libcopyfile.dylib
0x00000000080ca000 	/usr/lib/system/libdispatch.dylib
0x00000000080ca000 	/usr/lib/system/libdnsinfo.dylib
0x00000000080ca000 	/usr/lib/system/libdyld.dylib
0x00000000080ca000 	/usr/lib/system/libkeymgr.dylib
0x00000000080ca000 	/usr/lib/system/liblaunch.dylib
0x00000000080ca000 	/usr/lib/system/libmacho.dylib
0x00000000080ca000 	/usr/lib/system/libquarantine.dylib
0x00000000080ca000 	/usr/lib/system/libremovefile.dylib
0x00000000080ca000 	/usr/lib/system/libsystem_blocks.dylib
0x00000000080ca000 	/usr/lib/system/libsystem_c.dylib
0x00000000080ca000 	/usr/lib/system/libsystem_dnssd.dylib
0x00000000080ca000 	/usr/lib/system/libsystem_info.dylib
0x00000000080ca000 	/usr/lib/system/libsystem_kernel.dylib
0x00000000080ca000 	/usr/lib/system/libsystem_m.dylib
0x00000000080ca000 	/usr/lib/system/libsystem_network.dylib
0x00000000080ca000 	/usr/lib/system/libsystem_notify.dylib
0x00000000080ca000 	/usr/lib/system/libsystem_sandbox.dylib
0x00000000080ca000 	/usr/lib/system/libunc.dylib
0x00000000080ca000 	/usr/lib/system/libunwind.dylib
0x00000000080ca000 	/usr/lib/system/libxpc.dylib
0x00000000080ca000 	/usr/lib/system/libcorecrypto.dylib
0x00000000080ca000 	/usr/lib/libstdc++.6.dylib
0x00000000080ca000 	/usr/lib/libbsm.0.dylib
0x00000000080ca000 	/usr/lib/libsqlite3.dylib
0x00000000080ca000 	/usr/lib/libxar.1.dylib
0x00000000080ca000 	/usr/lib/libpam.2.dylib
0x00000000080ca000 	/usr/lib/libOpenScriptingUtil.dylib
0x00000000080ca000 	/usr/lib/libbz2.1.0.dylib
0x00000000080ca000 	/System/Library/Frameworks/CoreServices.framework/Versions/A/Frameworks/CarbonCore.framework/Versions/A/CarbonCore
0x00000000080ca000 	/System/Library/Frameworks/CoreServices.framework/Versions/A/Frameworks/Metadata.framework/Versions/A/Metadata
0x00000000080ca000 	/System/Library/Frameworks/CoreServices.framework/Versions/A/Frameworks/OSServices.framework/Versions/A/OSServices
0x00000000080ca000 	/System/Library/Frameworks/CoreServices.framework/Versions/A/Frameworks/SearchKit.framework/Versions/A/SearchKit
0x00000000080ca000 	/System/Library/Frameworks/CoreServices.framework/Versions/A/Frameworks/AE.framework/Versions/A/AE
0x00000000080ca000 	/System/Library/Frameworks/CoreServices.framework/Versions/A/Frameworks/LaunchServices.framework/Versions/A/LaunchServices
0x00000000080ca000 	/System/Library/Frameworks/CoreServices.framework/Versions/A/Frameworks/DictionaryServices.framework/Versions/A/DictionaryServices
0x00000000080ca000 	/System/Library/Frameworks/NetFS.framework/Versions/A/NetFS
0x00000000080ca000 	/usr/lib/system/libkxld.dylib
0x00000000080ca000 	/System/Library/PrivateFrameworks/NetAuth.framework/Versions/A/NetAuth
0x00000000080ca000 	/System/Library/Frameworks/OpenDirectory.framework/Versions/A/Frameworks/CFOpenDirectory.framework/Versions/A/CFOpenDirectory
0x00000000080ca000 	/usr/lib/libxslt.1.dylib
0x00000000080ca000 	/System/Library/PrivateFrameworks/FamilyControls.framework/Versions/A/FamilyControls
0x00000000080ca000 	/System/Library/Frameworks/Carbon.framework/Versions/A/Frameworks/Ink.framework/Versions/A/Ink
0x00000000080ca000 	/System/Library/Frameworks/ApplicationServices.framework/Versions/A/Frameworks/CoreGraphics.framework/Versions/A/CoreGraphics
0x00000000080ca000 	/System/Library/Frameworks/ApplicationServices.framework/Versions/A/Frameworks/ATS.framework/Versions/A/ATS
0x00000000080ca000 	/System/Library/Frameworks/ApplicationServices.framework/Versions/A/Frameworks/ColorSync.framework/Versions/A/ColorSync
0x00000000080ca000 	/System/Library/Frameworks/ApplicationServices.framework/Versions/A/Frameworks/HIServices.framework/Versions/A/HIServices
0x00000000080ca000 	/System/Library/Frameworks/ApplicationServices.framework/Versions/A/Frameworks/LangAnalysis.framework/Versions/A/LangAnalysis
0x00000000080ca000 	/System/Library/Frameworks/ApplicationServices.framework/Versions/A/Frameworks/PrintCore.framework/Versions/A/PrintCore
0x00000000080ca000 	/System/Library/Frameworks/ApplicationServices.framework/Versions/A/Frameworks/QD.framework/Versions/A/QD
0x00000000080ca000 	/System/Library/Frameworks/ApplicationServices.framework/Versions/A/Frameworks/SpeechSynthesis.framework/Versions/A/SpeechSynthesis
0x00000000080ca000 	/System/Library/Frameworks/IOSurface.framework/Versions/A/IOSurface
0x00000000080ca000 	/System/Library/Frameworks/Accelerate.framework/Versions/A/Accelerate
0x00000000080ca000 	/System/Library/Frameworks/ApplicationServices.framework/Versions/A/Frameworks/ATS.framework/Versions/A/Resources/libFontParser.dylib
0x00000000080ca000 	/System/Library/Frameworks/ApplicationServices.framework/Versions/A/Frameworks/ATS.framework/Versions/A/Resources/libFontRegistry.dylib
0x00000000080ca000 	/System/Library/Frameworks/Accelerate.framework/Versions/A/Frameworks/vImage.framework/Versions/A/vImage
0x00000000080ca000 	/System/Library/Frameworks/Accelerate.framework/Versions/A/Frameworks/vecLib.framework/Versions/A/vecLib
0x00000000080ca000 	/System/Library/Frameworks/Accelerate.framework/Versions/A/Frameworks/vecLib.framework/Versions/A/libvDSP.dylib
0x00000000080ca000 	/System/Library/Frameworks/Accelerate.framework/Versions/A/Frameworks/vecLib.framework/Versions/A/libvMisc.dylib
0x00000000080ca000 	/System/Library/Frameworks/Accelerate.framework/Versions/A/Frameworks/vecLib.framework/Versions/A/libLAPACK.dylib
0x00000000080ca000 	/System/Library/Frameworks/Accelerate.framework/Versions/A/Frameworks/vecLib.framework/Versions/A/libBLAS.dylib
0x00000000080ca000 	/System/Library/Frameworks/ImageIO.framework/Versions/A/Resources/libJPEG.dylib
0x00000000080ca000 	/System/Library/Frameworks/ImageIO.framework/Versions/A/Resources/libTIFF.dylib
0x00000000080ca000 	/System/Library/Frameworks/ImageIO.framework/Versions/A/Resources/libPng.dylib
0x00000000080ca000 	/System/Library/Frameworks/ImageIO.framework/Versions/A/Resources/libGIF.dylib
0x00000000080ca000 	/System/Library/Frameworks/ImageIO.framework/Versions/A/Resources/libJP2.dylib
0x00000000080ca000 	/System/Library/Frameworks/ImageIO.framework/Versions/A/Resources/libRadiance.dylib
0x00000000080ca000 	/usr/lib/libcups.2.dylib
0x00000000080ca000 	/System/Library/Frameworks/Kerberos.framework/Versions/A/Kerberos
0x00000000080ca000 	/System/Library/Frameworks/GSS.framework/Versions/A/GSS
0x00000000080ca000 	/usr/lib/libresolv.9.dylib
0x00000000080ca000 	/usr/lib/libiconv.2.dylib
0x00000000080ca000 	/System/Library/PrivateFrameworks/Heimdal.framework/Versions/A/Heimdal
0x00000000080ca000 	/System/Library/PrivateFrameworks/TrustEvaluationAgent.framework/Versions/A/TrustEvaluationAgent
0x00000000080ca000 	/System/Library/Frameworks/OpenDirectory.framework/Versions/A/OpenDirectory
0x00000000080ca000 	/System/Library/PrivateFrameworks/CommonAuth.framework/Versions/A/CommonAuth
0x00000000080ca000 	/System/Library/PrivateFrameworks/Bom.framework/Versions/A/Bom
0x00000000080ca000 	/System/Library/Frameworks/CoreVideo.framework/Versions/A/CoreVideo
0x00000000080ca000 	/System/Library/Frameworks/QuartzCore.framework/Versions/A/Frameworks/CoreImage.framework/Versions/A/CoreImage
0x00000000080ca000 	/System/Library/Frameworks/QuartzCore.framework/Versions/A/Frameworks/ScalableUserInterface.framework/Versions/A/ScalableUserInterface
0x00000000080ca000 	/System/Library/Frameworks/OpenGL.framework/Versions/A/Libraries/libGLU.dylib
0x00000000080ca000 	/System/Library/Frameworks/OpenGL.framework/Versions/A/Libraries/libGFXShared.dylib
0x00000000080ca000 	/System/Library/Frameworks/OpenGL.framework/Versions/A/Libraries/libGL.dylib
0x00000000080ca000 	/System/Library/Frameworks/OpenGL.framework/Versions/A/Libraries/libGLImage.dylib
0x00000000080ca000 	/System/Library/Frameworks/OpenGL.framework/Versions/A/Libraries/libCVMSPluginSupport.dylib
0x00000000080ca000 	/System/Library/Frameworks/OpenGL.framework/Versions/A/Libraries/libCoreVMClient.dylib
0x00000000080ca000 	/System/Library/PrivateFrameworks/CrashReporterSupport.framework/Versions/A/CrashReporterSupport
0x00000000080ca000 	/System/Library/Frameworks/OpenCL.framework/Versions/A/OpenCL
0x00000000080ca000 	/System/Library/PrivateFrameworks/FaceCoreLight.framework/Versions/A/FaceCoreLight
0x00000000080ca000 	/System/Library/PrivateFrameworks/AppleFSCompression.framework/Versions/A/AppleFSCompression
0x00000000080ca000 	/System/Library/PrivateFrameworks/Ubiquity.framework/Versions/A/Ubiquity
0x00000000080ca000 	/System/Library/Frameworks/ServiceManagement.framework/Versions/A/ServiceManagement
0x00000000080ca000 	/System/Library/PrivateFrameworks/ChunkingLibrary.framework/Versions/A/ChunkingLibrary
0x00000000080ca000 	/System/Library/Frameworks/vecLib.framework/Versions/A/vecLib
0x00000000080ca000 	/System/Library/Frameworks/SecurityFoundation.framework/Versions/A/SecurityFoundation
0x00000000080ca000 	/System/Library/PrivateFrameworks/CommerceKit.framework/Versions/A/Frameworks/CommerceCore.framework/Versions/A/CommerceCore
0x00000000080ca000 	/System/Library/PrivateFrameworks/CoreSymbolication.framework/Versions/A/CoreSymbolication
0x00000000080ca000 	/System/Library/PrivateFrameworks/Symbolication.framework/Versions/A/Symbolication
0x00000000080ca000 	/System/Library/PrivateFrameworks/DebugSymbols.framework/Versions/A/DebugSymbols
0x000000010c868000 	/Library/Java/JavaVirtualMachines/jdk1.7.0_25.jdk/Contents/Home/jre/lib/server/libjvm.dylib
0x000000010d414000 	/Library/Java/JavaVirtualMachines/jdk1.7.0_25.jdk/Contents/Home/jre/lib/libverify.dylib
0x000000010d421000 	/Library/Java/JavaVirtualMachines/jdk1.7.0_25.jdk/Contents/Home/jre/lib/libjava.dylib
0x000000010d4de000 	/Library/Java/JavaVirtualMachines/jdk1.7.0_25.jdk/Contents/Home/jre/lib/libzip.dylib
0x0000000163802000 	/System/Library/Frameworks/JavaVM.framework/Frameworks/JavaRuntimeSupport.framework/JavaRuntimeSupport
0x000000016381a000 	/System/Library/Frameworks/JavaVM.framework/Versions/A/Frameworks/JavaNativeFoundation.framework/Versions/A/JavaNativeFoundation
0x000000016382f000 	/System/Library/Frameworks/JavaVM.framework/Versions/A/JavaVM
0x00000000080ca000 	/System/Library/Frameworks/Carbon.framework/Versions/A/Carbon
0x000000016383c000 	/System/Library/PrivateFrameworks/JavaLaunching.framework/Versions/A/JavaLaunching
0x00000000080ca000 	/System/Library/Frameworks/Carbon.framework/Versions/A/Frameworks/CommonPanels.framework/Versions/A/CommonPanels
0x00000000080ca000 	/System/Library/Frameworks/Carbon.framework/Versions/A/Frameworks/Help.framework/Versions/A/Help
0x00000000080ca000 	/System/Library/Frameworks/Carbon.framework/Versions/A/Frameworks/ImageCapture.framework/Versions/A/ImageCapture
0x00000000080ca000 	/System/Library/Frameworks/Carbon.framework/Versions/A/Frameworks/OpenScripting.framework/Versions/A/OpenScripting
0x00000000080ca000 	/System/Library/Frameworks/Carbon.framework/Versions/A/Frameworks/Print.framework/Versions/A/Print
0x00000000080ca000 	/System/Library/Frameworks/Carbon.framework/Versions/A/Frameworks/SecurityHI.framework/Versions/A/SecurityHI
0x0000000164146000 	/Library/Java/JavaVirtualMachines/jdk1.7.0_25.jdk/Contents/Home/jre/lib/libnio.dylib
0x0000000164155000 	/Library/Java/JavaVirtualMachines/jdk1.7.0_25.jdk/Contents/Home/jre/lib/./libnet.dylib
0x00000001649af000 	/Library/Java/JavaVirtualMachines/jdk1.7.0_25.jdk/Contents/Home/jre/lib/libawt.dylib
0x0000000165232000 	/Library/Java/JavaVirtualMachines/jdk1.7.0_25.jdk/Contents/Home/jre/lib/./libmlib_image.dylib
0x0000000164ce3000 	/Library/Java/JavaVirtualMachines/jdk1.7.0_25.jdk/Contents/Home/jre/lib/lwawt/liblwawt.dylib
0x0000000163fa4000 	/Library/Java/JavaVirtualMachines/jdk1.7.0_25.jdk/Contents/Home/jre/lib/libosxapp.dylib
0x0000000163fc0000 	/System/Library/Frameworks/ExceptionHandling.framework/Versions/A/ExceptionHandling
0x00000000080ca000 	/System/Library/PrivateFrameworks/CoreServicesInternal.framework/Versions/A/CoreServicesInternal
0x00000000080ca000 	/System/Library/PrivateFrameworks/Librarian.framework/Versions/A/Librarian
0x00000000080ca000 	/System/Library/Frameworks/ApplicationServices.framework/Versions/A/Frameworks/CoreGraphics.framework/Versions/A/Resources/libCSync.A.dylib
0x00000000080ca000 	/System/Library/Frameworks/ApplicationServices.framework/Versions/A/Frameworks/CoreGraphics.framework/Versions/A/Resources/libRIP.A.dylib
0x00000000080ca000 	/System/Library/Frameworks/ApplicationServices.framework/Versions/A/Frameworks/CoreGraphics.framework/Versions/A/Resources/libCGXType.A.dylib
0x0000000164377000 	/Library/Java/JavaVirtualMachines/jdk1.7.0_25.jdk/Contents/Home/jre/lib/libfontmanager.dylib
0x0000000168f1d000 	/System/Library/Frameworks/OpenGL.framework/Resources/GLEngine.bundle/GLEngine
0x0000000169112000 	/System/Library/Frameworks/OpenGL.framework/Versions/A/Libraries/libGLProgrammability.dylib
0x00000001692ba000 	/System/Library/Extensions/AppleIntelHD4000GraphicsGLDriver.bundle/Contents/MacOS/AppleIntelHD4000GraphicsGLDriver
0x000000016408e000 	/System/Library/PrivateFrameworks/IOAccelerator.framework/Versions/A/IOAccelerator
0x00000001640c5000 	/System/Library/PrivateFrameworks/GPUSupport.framework/Versions/A/Libraries/libGPUSupportMercury.dylib
0x00000001640d9000 	/System/Library/Frameworks/OpenGL.framework/Resources//GLRendererFloat.bundle/GLRendererFloat
0x000000016409e000 	/System/Library/Frameworks/OpenCL.framework/Versions/A/Libraries/libcldcpuengine.dylib
0x00000000080ca000 	/System/Library/PrivateFrameworks/DiskImages.framework/Versions/A/DiskImages
0x00000000080ca000 	/System/Library/Frameworks/DiscRecording.framework/Versions/A/DiscRecording
0x00000000080ca000 	/usr/lib/libcurl.4.dylib
0x00000000080ca000 	/System/Library/PrivateFrameworks/MediaKit.framework/Versions/A/MediaKit
0x00000000080ca000 	/usr/lib/libssl.0.9.8.dylib
0x00000000080ca000 	/usr/lib/libcrypto.0.9.8.dylib
0x00000000080ca000 	/System/Library/Frameworks/LDAP.framework/Versions/A/LDAP
0x00000000080ca000 	/usr/lib/libsasl2.2.dylib
0x000000016388a000 	/private/var/folders/ry/8d6lz6j53q729yql8j8n9ffh0000gn/T/jna/jna3398285156151860026.tmp
0x000000016a5d5000 	/Users/akbiggs/code/personal/groovyclojure/target/native/macosx/x86_64/libscsynth.dylib
0x000000016424c000 	/Library/Java/JavaVirtualMachines/jdk1.7.0_25.jdk/Contents/Home/jre/lib/libjsound.dylib
0x000000016425f000 	/System/Library/Frameworks/CoreMIDI.framework/Versions/A/CoreMIDI
0x00000000080ca000 	/usr/lib/libexpat.1.dylib
0x00000001638a9000 	/System/Library/Extensions/AppleHDA.kext/Contents/PlugIns/AppleHDAHALPlugIn.bundle/Contents/MacOS/AppleHDAHALPlugIn
0x0000000163ff2000 	/Library/Java/JavaVirtualMachines/jdk1.7.0_25.jdk/Contents/Home/jre/lib/libmanagement.dylib
0x000000016422a000 	/Users/akbiggs/code/personal/groovyclojure/target/native/macosx/x86_64/AmbisonicUGens.scx
0x0000000164230000 	/Users/akbiggs/code/personal/groovyclojure/target/native/macosx/x86_64/AtkUGens.scx
0x00000001642d2000 	/Users/akbiggs/code/personal/groovyclojure/target/native/macosx/x86_64/AY_UGen.scx
0x00000001642d9000 	/Users/akbiggs/code/personal/groovyclojure/target/native/macosx/x86_64/BatPVUgens.scx
0x00000001642e1000 	/Users/akbiggs/code/personal/groovyclojure/target/native/macosx/x86_64/BatUGens.scx
0x0000000164323000 	/Users/akbiggs/code/personal/groovyclojure/target/native/macosx/x86_64/BBCut2UGens.scx
0x000000016432b000 	/Users/akbiggs/code/personal/groovyclojure/target/native/macosx/x86_64/BerlachUGens.scx
0x00000001643e1000 	/Users/akbiggs/code/personal/groovyclojure/target/native/macosx/x86_64/BetablockerUGens.scx
0x0000000164518000 	/Users/akbiggs/code/personal/groovyclojure/target/native/macosx/x86_64/BhobChaos.scx
0x0000000164523000 	/Users/akbiggs/code/personal/groovyclojure/target/native/macosx/x86_64/BhobFFT.scx
0x0000000164536000 	/Users/akbiggs/code/personal/groovyclojure/target/native/macosx/x86_64/BhobFilt.scx
0x00000001643e9000 	/Users/akbiggs/code/personal/groovyclojure/target/native/macosx/x86_64/BhobGrain.scx
0x0000000164548000 	/Users/akbiggs/code/personal/groovyclojure/target/native/macosx/x86_64/BhobNoise.scx
0x0000000164551000 	/Users/akbiggs/code/personal/groovyclojure/target/native/macosx/x86_64/BinaryOpUGens.scx
0x000000016457a000 	/Users/akbiggs/code/personal/groovyclojure/target/native/macosx/x86_64/BlackrainUGens.scx
0x000000016457f000 	/Users/akbiggs/code/personal/groovyclojure/target/native/macosx/x86_64/ChaosUGens.scx
0x0000000164691000 	/Users/akbiggs/code/personal/groovyclojure/target/native/macosx/x86_64/Concat.scx
0x000000016a9e2000 	/Users/akbiggs/code/personal/groovyclojure/target/native/macosx/x86_64/DelayUGens.scx
0x0000000164698000 	/Users/akbiggs/code/personal/groovyclojure/target/native/macosx/x86_64/DemandUGens.scx
0x000000016b1df000 	/Users/akbiggs/code/personal/groovyclojure/target/native/macosx/x86_64/DiskIO_UGens.scx
0x0000000164142000 	/Users/akbiggs/code/personal/groovyclojure/target/native/macosx/x86_64/DistortionUGens.scx
0x0000000164588000 	/Users/akbiggs/code/personal/groovyclojure/target/native/macosx/x86_64/DynNoiseUGens.scx
0x0000000164b38000 	/Users/akbiggs/code/personal/groovyclojure/target/native/macosx/x86_64/FFT_UGens.scx
0x0000000164c84000 	/Users/akbiggs/code/personal/groovyclojure/target/native/macosx/x86_64/FilterUGens.scx
0x0000000164b7a000 	/Users/akbiggs/code/personal/groovyclojure/target/native/macosx/x86_64/GendynUGens.scx
0x0000000164d96000 	/Users/akbiggs/code/personal/groovyclojure/target/native/macosx/x86_64/GlitchUGens.scx
0x000000016a4dc000 	/Users/akbiggs/code/personal/groovyclojure/target/native/macosx/x86_64/GrainUGens.scx
0x0000000164d9b000 	/Users/akbiggs/code/personal/groovyclojure/target/native/macosx/x86_64/IOUGens.scx
0x000000016a4ef000 	/Users/akbiggs/code/personal/groovyclojure/target/native/macosx/x86_64/JoshAmbiUGens.scx
0x000000016aa78000 	/Users/akbiggs/code/personal/groovyclojure/target/native/macosx/x86_64/JoshGrainUGens.scx
0x000000016a522000 	/Users/akbiggs/code/personal/groovyclojure/target/native/macosx/x86_64/JoshPVUGens.scx
0x000000016aaa3000 	/Users/akbiggs/code/personal/groovyclojure/target/native/macosx/x86_64/JoshUGens.scx
0x00000001668f5000 	/Users/akbiggs/code/personal/groovyclojure/target/native/macosx/x86_64/KeyboardUGens.scx
0x000000016a4fc000 	/Users/akbiggs/code/personal/groovyclojure/target/native/macosx/x86_64/LadspaUGen.scx
0x000000016aa0d000 	/Users/akbiggs/code/personal/groovyclojure/target/native/macosx/x86_64/LFUGens.scx
0x000000016a53f000 	/Users/akbiggs/code/personal/groovyclojure/target/native/macosx/x86_64/LoopBuf.scx
0x000000016acc4000 	/Users/akbiggs/code/personal/groovyclojure/target/native/macosx/x86_64/MCLDBufferUGens.scx
0x000000016acc9000 	/Users/akbiggs/code/personal/groovyclojure/target/native/macosx/x86_64/MCLDCepstrumUGens.scx
0x000000016acd9000 	/Users/akbiggs/code/personal/groovyclojure/target/native/macosx/x86_64/MCLDChaosUGens.scx
0x000000016a544000 	/Users/akbiggs/code/personal/groovyclojure/target/native/macosx/x86_64/MCLDDistortionUGens.scx
0x000000016acdf000 	/Users/akbiggs/code/personal/groovyclojure/target/native/macosx/x86_64/MCLDFFTUGens.scx
0x000000016aa20000 	/Users/akbiggs/code/personal/groovyclojure/target/native/macosx/x86_64/MCLDFilterUGens.scx
0x000000016acf4000 	/Users/akbiggs/code/personal/groovyclojure/target/native/macosx/x86_64/MCLDGetenvUGen.scx
0x000000016acf8000 	/Users/akbiggs/code/personal/groovyclojure/target/native/macosx/x86_64/MCLDOscUGens.scx
0x000000016acfc000 	/Users/akbiggs/code/personal/groovyclojure/target/native/macosx/x86_64/MCLDPollUGens.scx
0x000000016ad00000 	/Users/akbiggs/code/personal/groovyclojure/target/native/macosx/x86_64/MCLDSOMUGens.scx
0x000000016ad06000 	/Users/akbiggs/code/personal/groovyclojure/target/native/macosx/x86_64/MCLDTreeUGens.scx
0x000000016ad0b000 	/Users/akbiggs/code/personal/groovyclojure/target/native/macosx/x86_64/MCLDTriggeredStatsUgens.scx
0x000000016badc000 	/Users/akbiggs/code/personal/groovyclojure/target/native/macosx/x86_64/MdaUGens.scx
0x000000016af15000 	/Users/akbiggs/code/personal/groovyclojure/target/native/macosx/x86_64/MembraneUGens.scx
0x000000016af1a000 	/Users/akbiggs/code/personal/groovyclojure/target/native/macosx/x86_64/ML_UGens.scx
0x000000016af4d000 	/Users/akbiggs/code/personal/groovyclojure/target/native/macosx/x86_64/MouseUGens.scx
0x000000016af53000 	/Users/akbiggs/code/personal/groovyclojure/target/native/macosx/x86_64/MulAddUGens.scx
0x000000016b255000 	/Users/akbiggs/code/personal/groovyclojure/target/native/macosx/x86_64/NCAnalysisUGens.scx
0x000000016b274000 	/Users/akbiggs/code/personal/groovyclojure/target/native/macosx/x86_64/NoiseUGens.scx
0x000000016b3df000 	/Users/akbiggs/code/personal/groovyclojure/target/native/macosx/x86_64/OscUGens.scx
0x000000016b3ef000 	/Users/akbiggs/code/personal/groovyclojure/target/native/macosx/x86_64/PanUGens.scx
0x000000016af5a000 	/Users/akbiggs/code/personal/groovyclojure/target/native/macosx/x86_64/PhysicalModelingUGens.scx
0x000000016b27b000 	/Users/akbiggs/code/personal/groovyclojure/target/native/macosx/x86_64/PitchDetection.scx
0x000000016b600000 	/Users/akbiggs/code/personal/groovyclojure/target/native/macosx/x86_64/PV_ThirdParty.scx
0x000000016b614000 	/Users/akbiggs/code/personal/groovyclojure/target/native/macosx/x86_64/ReverbUGens.scx
0x000000016b61c000 	/Users/akbiggs/code/personal/groovyclojure/target/native/macosx/x86_64/RFWUGens.scx
0x000000016b620000 	/Users/akbiggs/code/personal/groovyclojure/target/native/macosx/x86_64/RMEQSuite.scx
0x000000016b628000 	/Users/akbiggs/code/personal/groovyclojure/target/native/macosx/x86_64/SLUGens.scx
0x000000016bc81000 	/Users/akbiggs/code/personal/groovyclojure/target/native/macosx/x86_64/StkUGens.scx
0x000000016b637000 	/Users/akbiggs/code/personal/groovyclojure/target/native/macosx/x86_64/SummerUGens.scx
0x000000016b63c000 	/Users/akbiggs/code/personal/groovyclojure/target/native/macosx/x86_64/TagSystemUgens.scx
0x000000016b642000 	/Users/akbiggs/code/personal/groovyclojure/target/native/macosx/x86_64/TestUGens.scx
0x000000016b646000 	/Users/akbiggs/code/personal/groovyclojure/target/native/macosx/x86_64/TJUGens.scx
0x000000016b758000 	/Users/akbiggs/code/personal/groovyclojure/target/native/macosx/x86_64/TriggerUGens.scx
0x000000016b764000 	/Users/akbiggs/code/personal/groovyclojure/target/native/macosx/x86_64/UnaryOpUGens.scx
0x000000016b77a000 	/Users/akbiggs/code/personal/groovyclojure/target/native/macosx/x86_64/UnpackFFTUGens.scx
0x000000016b786000 	/Users/akbiggs/code/personal/groovyclojure/target/native/macosx/x86_64/VBAP.scx
0x000000016b650000 	/Users/akbiggs/code/personal/groovyclojure/target/native/macosx/x86_64/VOSIM.scx

VM Arguments:
jvm_args: -Dclojure.compile.path=/Users/akbiggs/code/personal/groovyclojure/target/classes -Dgroovyclojure.version=0.1.0-SNAPSHOT -Dfile.encoding=US-ASCII -Dclojure.debug=false -Djava.library.path=/Users/akbiggs/code/personal/groovyclojure/target/native/macosx/x86_64 
java_command: clojure.main -i /private/var/folders/ry/8d6lz6j53q729yql8j8n9ffh0000gn/T/form-init9201291445206507581.clj
Launcher Type: SUN_STANDARD

Environment Variables:
PATH=/usr/local/bin:/usr/bin:/bin:/usr/sbin:/sbin:/usr/local/bin:/usr/bin:/bin:/usr/sbin:/sbin

SHELL=/usr/local/bin/fish
DISPLAY=/tmp/launch-jQFCiM/org.macosforge.xquartz:0

Signal Handlers:
SIGSEGV: [libjvm.dylib+0x4a820f], sa_mask[0]=0xfffefeff, sa_flags=0x00000042
SIGBUS: [libjvm.dylib+0x4a820f], sa_mask[0]=0xfffefeff, sa_flags=0x00000042
SIGFPE: [libjvm.dylib+0x3b7495], sa_mask[0]=0xfffefeff, sa_flags=0x00000042
SIGPIPE: [libjvm.dylib+0x3b7495], sa_mask[0]=0xfffefeff, sa_flags=0x00000042
SIGXFSZ: [libjvm.dylib+0x3b7495], sa_mask[0]=0xfffefeff, sa_flags=0x00000042
SIGILL: [libjvm.dylib+0x3b7495], sa_mask[0]=0xfffefeff, sa_flags=0x00000042
SIGUSR1: SIG_DFL, sa_mask[0]=0x00000000, sa_flags=0x00000002
SIGUSR2: [libjvm.dylib+0x3b702e], sa_mask[0]=0x00000004, sa_flags=0x00000042
SIGHUP: [libjvm.dylib+0x3b528f], sa_mask[0]=0xfffefeff, sa_flags=0x00000042
SIGINT: [libjvm.dylib+0x3b528f], sa_mask[0]=0xfffefeff, sa_flags=0x00000042
SIGTERM: [libjvm.dylib+0x3b528f], sa_mask[0]=0xfffefeff, sa_flags=0x00000042
SIGQUIT: [libjvm.dylib+0x3b528f], sa_mask[0]=0xfffefeff, sa_flags=0x00000042


---------------  S Y S T E M  ---------------

OS:Bsduname:Darwin 12.5.0 Darwin Kernel Version 12.5.0: Sun Sep 29 13:33:47 PDT 2013; root:xnu-2050.48.12~1/RELEASE_X86_64 x86_64
rlimit: STACK 8192k, CORE 0k, NPROC 709, NOFILE 10240, AS infinity
load average:2.51 2.19 1.99

CPU:total 4 (2 cores per cpu, 2 threads per core) family 6 model 58 stepping 9, cmov, cx8, fxsr, mmx, sse, sse2, sse3, ssse3, sse4.1, sse4.2, popcnt, avx, ht, tsc, tscinvbit, tscinv

Memory: 4k page, physical 4788892k(1197223k free)

/proc/meminfo:


vm_info: Java HotSpot(TM) 64-Bit Server VM (23.25-b01) for bsd-amd64 JRE (1.7.0_25-b15), built on Jun  5 2013 22:26:36 by "java_re" with gcc 4.2.1 (Based on Apple Inc. build 5658) (LLVM build 2336.11.00)

time: Sat Feb 15 18:47:47 2014
elapsed time: 160 seconds

